[0.013s] Invoking command in '/home/long/aws-robomaker-sample-application-open-source-rover/robot_ws/build/martian_detector': HISTTIMEFORMAT=%y/%m/%d %T /usr/bin/cmake /home/long/aws-robomaker-sample-application-open-source-rover/robot_ws/src/martian_detector -DCATKIN_INSTALL_INTO_PREFIX_ROOT=0 -DCMAKE_INSTALL_PREFIX=/home/long/aws-robomaker-sample-application-open-source-rover/robot_ws/install/martian_detector
[0.206s] -- The C compiler identification is GNU 9.3.0
[0.365s] -- The CXX compiler identification is GNU 9.3.0
[0.400s] -- Detecting C compiler ABI info
[0.482s] -- Detecting C compiler ABI info - done
[0.552s] -- Check for working C compiler: /usr/bin/cc - skipped
[0.553s] -- Detecting C compile features
[0.555s] -- Detecting C compile features - done
[0.575s] -- Detecting CXX compiler ABI info
[0.667s] -- Detecting CXX compiler ABI info - done
[0.741s] -- Check for working CXX compiler: /usr/bin/c++ - skipped
[0.742s] -- Detecting CXX compile features
[0.746s] -- Detecting CXX compile features - done
[0.752s] -- Using CATKIN_DEVEL_PREFIX: /home/long/aws-robomaker-sample-application-open-source-rover/robot_ws/build/martian_detector/devel
[0.752s] -- Using CMAKE_PREFIX_PATH: /home/long/roselab_ws/devel;/opt/ros/noetic;/opt/zimulator
[0.753s] -- This workspace overlays: /home/long/roselab_ws/devel;/opt/ros/noetic
[0.799s] -- Found PythonInterp: /usr/bin/python3 (found suitable version "3.8.10", minimum required is "3") 
[0.799s] -- Using PYTHON_EXECUTABLE: /usr/bin/python3
[0.800s] -- Using Debian Python package layout
[0.849s] -- Found PY_em: /usr/lib/python3/dist-packages/em.py  
[0.850s] -- Using empy: /usr/lib/python3/dist-packages/em.py
[1.006s] -- Using CATKIN_ENABLE_TESTING: ON
[1.006s] -- Call enable_testing()
[1.010s] -- Using CATKIN_TEST_RESULTS_DIR: /home/long/aws-robomaker-sample-application-open-source-rover/robot_ws/build/martian_detector/test_results
[1.432s] -- Forcing gtest/gmock from source, though one was otherwise available.
[1.432s] -- Found gtest sources under '/usr/src/googletest': gtests will be built
[1.433s] -- Found gmock sources under '/usr/src/googletest': gmock will be built
[1.483s] -- Found PythonInterp: /usr/bin/python3 (found version "3.8.10") 
[1.492s] -- Found Threads: TRUE  
[1.511s] -- Using Python nosetests: /usr/bin/nosetests3
[1.588s] -- catkin 0.8.10
[1.588s] -- BUILD_SHARED_LIBS is on
[2.955s] -- Installing devel-space wrapper /home/long/aws-robomaker-sample-application-open-source-rover/robot_ws/src/martian_detector/nodes/notifier to /home/long/aws-robomaker-sample-application-open-source-rover/robot_ws/build/martian_detector/devel/lib/martian_detector
[2.960s] -- Installing devel-space wrapper /home/long/aws-robomaker-sample-application-open-source-rover/robot_ws/src/martian_detector/nodes/object_detector to /home/long/aws-robomaker-sample-application-open-source-rover/robot_ws/build/martian_detector/devel/lib/martian_detector
[2.968s] -- Configuring done
[3.004s] -- Generating done
[3.009s] -- Build files have been written to: /home/long/aws-robomaker-sample-application-open-source-rover/robot_ws/build/martian_detector
[3.021s] Invoked command in '/home/long/aws-robomaker-sample-application-open-source-rover/robot_ws/build/martian_detector' returned '0': HISTTIMEFORMAT=%y/%m/%d %T /usr/bin/cmake /home/long/aws-robomaker-sample-application-open-source-rover/robot_ws/src/martian_detector -DCATKIN_INSTALL_INTO_PREFIX_ROOT=0 -DCMAKE_INSTALL_PREFIX=/home/long/aws-robomaker-sample-application-open-source-rover/robot_ws/install/martian_detector
[3.025s] Invoking command in '/home/long/aws-robomaker-sample-application-open-source-rover/robot_ws/build/martian_detector': HISTTIMEFORMAT=%y/%m/%d %T /usr/bin/cmake --build /home/long/aws-robomaker-sample-application-open-source-rover/robot_ws/build/martian_detector -- -j4 -l4
[3.053s] Invoked command in '/home/long/aws-robomaker-sample-application-open-source-rover/robot_ws/build/martian_detector' returned '0': HISTTIMEFORMAT=%y/%m/%d %T /usr/bin/cmake --build /home/long/aws-robomaker-sample-application-open-source-rover/robot_ws/build/martian_detector -- -j4 -l4
[3.096s] Invoking command in '/home/long/aws-robomaker-sample-application-open-source-rover/robot_ws/build/martian_detector': HISTTIMEFORMAT=%y/%m/%d %T /usr/bin/cmake --build /home/long/aws-robomaker-sample-application-open-source-rover/robot_ws/build/martian_detector --target tests -- -j4 -l4
[3.132s] [35m[1mScanning dependencies of target tests[0m
[3.138s] Built target tests
[3.144s] Invoked command in '/home/long/aws-robomaker-sample-application-open-source-rover/robot_ws/build/martian_detector' returned '0': HISTTIMEFORMAT=%y/%m/%d %T /usr/bin/cmake --build /home/long/aws-robomaker-sample-application-open-source-rover/robot_ws/build/martian_detector --target tests -- -j4 -l4
[3.194s] Invoking command in '/home/long/aws-robomaker-sample-application-open-source-rover/robot_ws/build/martian_detector': HISTTIMEFORMAT=%y/%m/%d %T /usr/bin/cmake --install /home/long/aws-robomaker-sample-application-open-source-rover/robot_ws/build/martian_detector
[3.201s] -- Install configuration: ""
[3.203s] + cd /home/long/aws-robomaker-sample-application-open-source-rover/robot_ws/src/martian_detector
[3.203s] + mkdir -p /home/long/aws-robomaker-sample-application-open-source-rover/robot_ws/install/martian_detector/lib/python3/dist-packages
[3.204s] + /usr/bin/env PYTHONPATH=/home/long/aws-robomaker-sample-application-open-source-rover/robot_ws/install/martian_detector/lib/python3/dist-packages:/home/long/aws-robomaker-sample-application-open-source-rover/robot_ws/build/martian_detector/lib/python3/dist-packages:/home/long/roselab_ws/devel/lib/python3/dist-packages:/opt/ros/noetic/lib/python3/dist-packages CATKIN_BINARY_DIR=/home/long/aws-robomaker-sample-application-open-source-rover/robot_ws/build/martian_detector /usr/bin/python3 /home/long/aws-robomaker-sample-application-open-source-rover/robot_ws/src/martian_detector/setup.py build --build-base /home/long/aws-robomaker-sample-application-open-source-rover/robot_ws/build/martian_detector install --root=/ --install-layout=deb --prefix=/home/long/aws-robomaker-sample-application-open-source-rover/robot_ws/install/martian_detector --install-scripts=/home/long/aws-robomaker-sample-application-open-source-rover/robot_ws/install/martian_detector/bin
[3.592s] usage: setup.py [global_opts] cmd1 [cmd1_opts] [cmd2 [cmd2_opts] ...]
[3.593s]    or: setup.py --help [cmd1 cmd2 ...]
[3.593s]    or: setup.py --help-commands
[3.593s]    or: setup.py cmd --help
[3.593s] 
[3.593s] error: option --install-layout not recognized
[3.619s] CMake Error at catkin_generated/safe_execute_install.cmake:4 (message):
[3.619s]   
[3.619s]   execute_process(/home/long/aws-robomaker-sample-application-open-source-rover/robot_ws/build/martian_detector/catkin_generated/python_distutils_install.sh)
[3.619s]   returned error code
[3.620s] Call Stack (most recent call first):
[3.620s]   cmake_install.cmake:46 (include)
[3.621s] 
[3.621s] 
[3.621s] Invoked command in '/home/long/aws-robomaker-sample-application-open-source-rover/robot_ws/build/martian_detector' returned '1': HISTTIMEFORMAT=%y/%m/%d %T /usr/bin/cmake --install /home/long/aws-robomaker-sample-application-open-source-rover/robot_ws/build/martian_detector
