[0.019s] Invoking command in '/home/long/aws-robomaker-sample-application-open-source-rover/robot_ws/build/martian_detector': HISTTIMEFORMAT=%y/%m/%d %T /usr/bin/cmake --build /home/long/aws-robomaker-sample-application-open-source-rover/robot_ws/build/martian_detector -- -j4 -l4
[0.047s] Invoked command in '/home/long/aws-robomaker-sample-application-open-source-rover/robot_ws/build/martian_detector' returned '0': HISTTIMEFORMAT=%y/%m/%d %T /usr/bin/cmake --build /home/long/aws-robomaker-sample-application-open-source-rover/robot_ws/build/martian_detector -- -j4 -l4
[0.091s] Invoking command in '/home/long/aws-robomaker-sample-application-open-source-rover/robot_ws/build/martian_detector': HISTTIMEFORMAT=%y/%m/%d %T /usr/bin/cmake --build /home/long/aws-robomaker-sample-application-open-source-rover/robot_ws/build/martian_detector --target tests -- -j4 -l4
[0.134s] Built target tests
[0.141s] Invoked command in '/home/long/aws-robomaker-sample-application-open-source-rover/robot_ws/build/martian_detector' returned '0': HISTTIMEFORMAT=%y/%m/%d %T /usr/bin/cmake --build /home/long/aws-robomaker-sample-application-open-source-rover/robot_ws/build/martian_detector --target tests -- -j4 -l4
[0.194s] Invoking command in '/home/long/aws-robomaker-sample-application-open-source-rover/robot_ws/build/martian_detector': HISTTIMEFORMAT=%y/%m/%d %T /usr/bin/cmake --install /home/long/aws-robomaker-sample-application-open-source-rover/robot_ws/build/martian_detector
[0.202s] -- Install configuration: ""
[0.208s] + cd /home/long/aws-robomaker-sample-application-open-source-rover/robot_ws/src/martian_detector
[0.208s] + mkdir -p /home/long/aws-robomaker-sample-application-open-source-rover/robot_ws/install/martian_detector/lib/python3/dist-packages
[0.208s] + /usr/bin/env PYTHONPATH=/home/long/aws-robomaker-sample-application-open-source-rover/robot_ws/install/martian_detector/lib/python3/dist-packages:/home/long/aws-robomaker-sample-application-open-source-rover/robot_ws/build/martian_detector/lib/python3/dist-packages:/home/long/roselab_ws/devel/lib/python3/dist-packages:/opt/ros/noetic/lib/python3/dist-packages CATKIN_BINARY_DIR=/home/long/aws-robomaker-sample-application-open-source-rover/robot_ws/build/martian_detector /usr/bin/python3 /home/long/aws-robomaker-sample-application-open-source-rover/robot_ws/src/martian_detector/setup.py build --build-base /home/long/aws-robomaker-sample-application-open-source-rover/robot_ws/build/martian_detector install --root=/ --install-layout=deb --prefix=/home/long/aws-robomaker-sample-application-open-source-rover/robot_ws/install/martian_detector --install-scripts=/home/long/aws-robomaker-sample-application-open-source-rover/robot_ws/install/martian_detector/bin
[0.673s] usage: setup.py [global_opts] cmd1 [cmd1_opts] [cmd2 [cmd2_opts] ...]
[0.673s]    or: setup.py --help [cmd1 cmd2 ...]
[0.673s]    or: setup.py --help-commands
[0.673s]    or: setup.py cmd --help
[0.673s] 
[0.673s] error: option --install-layout not recognized
[0.698s] CMake Error at catkin_generated/safe_execute_install.cmake:4 (message):
[0.698s]   
[0.698s]   execute_process(/home/long/aws-robomaker-sample-application-open-source-rover/robot_ws/build/martian_detector/catkin_generated/python_distutils_install.sh)
[0.698s]   returned error code
[0.698s] Call Stack (most recent call first):
[0.698s]   cmake_install.cmake:46 (include)
[0.699s] 
[0.699s] 
[0.700s] Invoked command in '/home/long/aws-robomaker-sample-application-open-source-rover/robot_ws/build/martian_detector' returned '1': HISTTIMEFORMAT=%y/%m/%d %T /usr/bin/cmake --install /home/long/aws-robomaker-sample-application-open-source-rover/robot_ws/build/martian_detector
