[0.474s] DEBUG:colcon:Command line arguments: ['/usr/bin/colcon', 'build']
[0.474s] DEBUG:colcon:Parsed command line arguments: Namespace(allow_overriding=[], ament_cmake_args=None, base_paths=['.'], build_base='build', catkin_cmake_args=None, catkin_skip_building_tests=False, cmake_args=None, cmake_clean_cache=False, cmake_clean_first=False, cmake_force_configure=False, cmake_target=None, cmake_target_skip_unavailable=False, continue_on_error=False, event_handlers=None, executor='parallel', ignore_user_meta=False, install_base='install', log_base=None, log_level=None, main=<bound method BuildVerb.main of <colcon_core.verb.build.BuildVerb object at 0x7f47c8ae7670>>, merge_install=False, metas=['./colcon.meta'], packages_above=None, packages_above_and_dependencies=None, packages_above_depth=None, packages_end=None, packages_ignore=None, packages_ignore_regex=None, packages_select=None, packages_select_build_failed=False, packages_select_by_dep=None, packages_select_regex=None, packages_select_test_failures=False, packages_skip=None, packages_skip_build_finished=False, packages_skip_by_dep=None, packages_skip_regex=None, packages_skip_test_passed=False, packages_skip_up_to=None, packages_start=None, packages_up_to=None, packages_up_to_regex=None, parallel_workers=4, paths=None, symlink_install=False, test_result_base=None, verb_extension=<colcon_core.verb.build.BuildVerb object at 0x7f47c8ae7670>, verb_name='build', verb_parser=<colcon_defaults.argument_parser.defaults.DefaultArgumentsDecorator object at 0x7f47c9771550>)
[0.479s] Level 1:colcon.colcon_core.package_discovery:discover_packages(colcon_meta) check parameters
[0.480s] Level 1:colcon.colcon_core.package_discovery:discover_packages(recursive) check parameters
[0.480s] Level 1:colcon.colcon_core.package_discovery:discover_packages(ignore) check parameters
[0.480s] Level 1:colcon.colcon_core.package_discovery:discover_packages(path) check parameters
[0.480s] Level 1:colcon.colcon_core.package_discovery:discover_packages(colcon_meta) discover
[0.480s] Level 1:colcon.colcon_core.package_discovery:discover_packages(recursive) discover
[0.480s] INFO:colcon.colcon_core.package_discovery:Crawling recursively for packages in '/home/long/aws-robomaker-sample-application-open-source-rover/robot_ws'
[0.480s] Level 1:colcon.colcon_core.package_identification:_identify(.) by extensions ['ignore', 'ignore_ament_install']
[0.480s] Level 1:colcon.colcon_core.package_identification:_identify(.) by extension 'ignore'
[0.480s] Level 1:colcon.colcon_core.package_identification:_identify(.) by extension 'ignore_ament_install'
[0.480s] Level 1:colcon.colcon_core.package_identification:_identify(.) by extensions ['colcon_pkg']
[0.480s] Level 1:colcon.colcon_core.package_identification:_identify(.) by extension 'colcon_pkg'
[0.480s] Level 1:colcon.colcon_core.package_identification:_identify(.) by extensions ['colcon_meta']
[0.480s] Level 1:colcon.colcon_core.package_identification:_identify(.) by extension 'colcon_meta'
[0.480s] Level 1:colcon.colcon_core.package_identification:_identify(.) by extensions ['ros']
[0.480s] Level 1:colcon.colcon_core.package_identification:_identify(.) by extension 'ros'
[0.494s] Level 1:colcon.colcon_core.package_identification:_identify(.) by extensions ['cmake', 'python']
[0.494s] Level 1:colcon.colcon_core.package_identification:_identify(.) by extension 'cmake'
[0.494s] Level 1:colcon.colcon_core.package_identification:_identify(.) by extension 'python'
[0.494s] Level 1:colcon.colcon_core.package_identification:_identify(.) by extensions ['python_setup_py']
[0.494s] Level 1:colcon.colcon_core.package_identification:_identify(.) by extension 'python_setup_py'
[0.495s] Level 1:colcon.colcon_core.package_identification:_identify(build) by extensions ['ignore', 'ignore_ament_install']
[0.495s] Level 1:colcon.colcon_core.package_identification:_identify(build) by extension 'ignore'
[0.495s] Level 1:colcon.colcon_core.package_identification:_identify(build) ignored
[0.495s] Level 1:colcon.colcon_core.package_identification:_identify(install) by extensions ['ignore', 'ignore_ament_install']
[0.495s] Level 1:colcon.colcon_core.package_identification:_identify(install) by extension 'ignore'
[0.495s] Level 1:colcon.colcon_core.package_identification:_identify(install) ignored
[0.495s] Level 1:colcon.colcon_core.package_identification:_identify(log) by extensions ['ignore', 'ignore_ament_install']
[0.495s] Level 1:colcon.colcon_core.package_identification:_identify(log) by extension 'ignore'
[0.495s] Level 1:colcon.colcon_core.package_identification:_identify(log) ignored
[0.495s] Level 1:colcon.colcon_core.package_identification:_identify(src) by extensions ['ignore', 'ignore_ament_install']
[0.496s] Level 1:colcon.colcon_core.package_identification:_identify(src) by extension 'ignore'
[0.496s] Level 1:colcon.colcon_core.package_identification:_identify(src) by extension 'ignore_ament_install'
[0.496s] Level 1:colcon.colcon_core.package_identification:_identify(src) by extensions ['colcon_pkg']
[0.496s] Level 1:colcon.colcon_core.package_identification:_identify(src) by extension 'colcon_pkg'
[0.496s] Level 1:colcon.colcon_core.package_identification:_identify(src) by extensions ['colcon_meta']
[0.496s] Level 1:colcon.colcon_core.package_identification:_identify(src) by extension 'colcon_meta'
[0.496s] Level 1:colcon.colcon_core.package_identification:_identify(src) by extensions ['ros']
[0.496s] Level 1:colcon.colcon_core.package_identification:_identify(src) by extension 'ros'
[0.496s] Level 1:colcon.colcon_core.package_identification:_identify(src) by extensions ['cmake', 'python']
[0.496s] Level 1:colcon.colcon_core.package_identification:_identify(src) by extension 'cmake'
[0.496s] Level 1:colcon.colcon_core.package_identification:_identify(src) by extension 'python'
[0.496s] Level 1:colcon.colcon_core.package_identification:_identify(src) by extensions ['python_setup_py']
[0.496s] Level 1:colcon.colcon_core.package_identification:_identify(src) by extension 'python_setup_py'
[0.496s] Level 1:colcon.colcon_core.package_identification:_identify(src/martian_detector) by extensions ['ignore', 'ignore_ament_install']
[0.496s] Level 1:colcon.colcon_core.package_identification:_identify(src/martian_detector) by extension 'ignore'
[0.496s] Level 1:colcon.colcon_core.package_identification:_identify(src/martian_detector) by extension 'ignore_ament_install'
[0.497s] Level 1:colcon.colcon_core.package_identification:_identify(src/martian_detector) by extensions ['colcon_pkg']
[0.497s] Level 1:colcon.colcon_core.package_identification:_identify(src/martian_detector) by extension 'colcon_pkg'
[0.497s] Level 1:colcon.colcon_core.package_identification:_identify(src/martian_detector) by extensions ['colcon_meta']
[0.497s] Level 1:colcon.colcon_core.package_identification:_identify(src/martian_detector) by extension 'colcon_meta'
[0.497s] Level 1:colcon.colcon_core.package_identification:_identify(src/martian_detector) by extensions ['ros']
[0.497s] Level 1:colcon.colcon_core.package_identification:_identify(src/martian_detector) by extension 'ros'
[0.499s] DEBUG:colcon.colcon_core.package_identification:Package 'src/martian_detector' with type 'ros.catkin' and name 'martian_detector'
[0.500s] Level 1:colcon.colcon_core.package_discovery:discover_packages(recursive) using defaults
[0.500s] Level 1:colcon.colcon_core.package_discovery:discover_packages(ignore) discover
[0.500s] Level 1:colcon.colcon_core.package_discovery:discover_packages(ignore) using defaults
[0.500s] Level 1:colcon.colcon_core.package_discovery:discover_packages(path) discover
[0.500s] Level 1:colcon.colcon_core.package_discovery:discover_packages(path) using defaults
[0.520s] Level 5:colcon.colcon_core.verb:set package 'martian_detector' build argument 'cmake_args' from command line to 'None'
[0.521s] Level 5:colcon.colcon_core.verb:set package 'martian_detector' build argument 'cmake_target' from command line to 'None'
[0.521s] Level 5:colcon.colcon_core.verb:set package 'martian_detector' build argument 'cmake_target_skip_unavailable' from command line to 'False'
[0.521s] Level 5:colcon.colcon_core.verb:set package 'martian_detector' build argument 'cmake_clean_cache' from command line to 'False'
[0.521s] Level 5:colcon.colcon_core.verb:set package 'martian_detector' build argument 'cmake_clean_first' from command line to 'False'
[0.521s] Level 5:colcon.colcon_core.verb:set package 'martian_detector' build argument 'cmake_force_configure' from command line to 'False'
[0.521s] Level 5:colcon.colcon_core.verb:set package 'martian_detector' build argument 'ament_cmake_args' from command line to 'None'
[0.521s] Level 5:colcon.colcon_core.verb:set package 'martian_detector' build argument 'catkin_cmake_args' from command line to 'None'
[0.521s] Level 5:colcon.colcon_core.verb:set package 'martian_detector' build argument 'catkin_skip_building_tests' from command line to 'False'
[0.521s] DEBUG:colcon.colcon_core.verb:Building package 'martian_detector' with the following arguments: {'ament_cmake_args': None, 'build_base': '/home/long/aws-robomaker-sample-application-open-source-rover/robot_ws/build/martian_detector', 'catkin_cmake_args': None, 'catkin_skip_building_tests': False, 'cmake_args': None, 'cmake_clean_cache': False, 'cmake_clean_first': False, 'cmake_force_configure': False, 'cmake_target': None, 'cmake_target_skip_unavailable': False, 'install_base': '/home/long/aws-robomaker-sample-application-open-source-rover/robot_ws/install/martian_detector', 'merge_install': False, 'path': '/home/long/aws-robomaker-sample-application-open-source-rover/robot_ws/src/martian_detector', 'symlink_install': False, 'test_result_base': None}
[0.524s] INFO:colcon.colcon_core.executor:Executing jobs using 'parallel' executor
[0.527s] DEBUG:colcon.colcon_parallel_executor.executor.parallel:run_until_complete
[0.527s] INFO:colcon.colcon_ros.task.catkin.build:Building ROS package in '/home/long/aws-robomaker-sample-application-open-source-rover/robot_ws/src/martian_detector' with build type 'catkin'
[0.528s] INFO:colcon.colcon_cmake.task.cmake.build:Building CMake package in '/home/long/aws-robomaker-sample-application-open-source-rover/robot_ws/src/martian_detector'
[0.532s] INFO:colcon.colcon_core.plugin_system:Skipping extension 'colcon_core.shell.bat': Not used on non-Windows systems
[0.532s] INFO:colcon.colcon_core.shell:Skip shell extension 'powershell' for command environment: Not usable outside of PowerShell
[0.533s] DEBUG:colcon.colcon_core.shell:Skip shell extension 'dsv' for command environment
[0.534s] DEBUG:colcon.colcon_core.shell:Ignoring prefix path '/home/long/roselab_ws/devel'
[0.534s] DEBUG:colcon.colcon_core.shell:Ignoring prefix path '/opt/ros/noetic'
[0.546s] DEBUG:colcon.colcon_core.event_handler.log_command:Invoking command in '/home/long/aws-robomaker-sample-application-open-source-rover/robot_ws/build/martian_detector': HISTTIMEFORMAT=%y/%m/%d %T /usr/bin/cmake --build /home/long/aws-robomaker-sample-application-open-source-rover/robot_ws/build/martian_detector -- -j4 -l4
[0.575s] DEBUG:colcon.colcon_core.event_handler.log_command:Invoked command in '/home/long/aws-robomaker-sample-application-open-source-rover/robot_ws/build/martian_detector' returned '0': HISTTIMEFORMAT=%y/%m/%d %T /usr/bin/cmake --build /home/long/aws-robomaker-sample-application-open-source-rover/robot_ws/build/martian_detector -- -j4 -l4
[0.619s] DEBUG:colcon.colcon_core.event_handler.log_command:Invoking command in '/home/long/aws-robomaker-sample-application-open-source-rover/robot_ws/build/martian_detector': HISTTIMEFORMAT=%y/%m/%d %T /usr/bin/cmake --build /home/long/aws-robomaker-sample-application-open-source-rover/robot_ws/build/martian_detector --target tests -- -j4 -l4
[0.669s] DEBUG:colcon.colcon_core.event_handler.log_command:Invoked command in '/home/long/aws-robomaker-sample-application-open-source-rover/robot_ws/build/martian_detector' returned '0': HISTTIMEFORMAT=%y/%m/%d %T /usr/bin/cmake --build /home/long/aws-robomaker-sample-application-open-source-rover/robot_ws/build/martian_detector --target tests -- -j4 -l4
[0.722s] DEBUG:colcon.colcon_core.event_handler.log_command:Invoking command in '/home/long/aws-robomaker-sample-application-open-source-rover/robot_ws/build/martian_detector': HISTTIMEFORMAT=%y/%m/%d %T /usr/bin/cmake --install /home/long/aws-robomaker-sample-application-open-source-rover/robot_ws/build/martian_detector
[1.227s] DEBUG:colcon.colcon_core.event_handler.log_command:Invoked command in '/home/long/aws-robomaker-sample-application-open-source-rover/robot_ws/build/martian_detector' returned '1': HISTTIMEFORMAT=%y/%m/%d %T /usr/bin/cmake --install /home/long/aws-robomaker-sample-application-open-source-rover/robot_ws/build/martian_detector
[1.264s] Level 1:colcon.colcon_core.shell:create_environment_hook('martian_detector', 'ros_package_path')
[1.266s] INFO:colcon.colcon_core.shell:Creating environment hook '/home/long/aws-robomaker-sample-application-open-source-rover/robot_ws/install/martian_detector/share/martian_detector/hook/ros_package_path.ps1'
[1.267s] INFO:colcon.colcon_core.shell:Creating environment descriptor '/home/long/aws-robomaker-sample-application-open-source-rover/robot_ws/install/martian_detector/share/martian_detector/hook/ros_package_path.dsv'
[1.267s] INFO:colcon.colcon_core.shell:Creating environment hook '/home/long/aws-robomaker-sample-application-open-source-rover/robot_ws/install/martian_detector/share/martian_detector/hook/ros_package_path.sh'
[1.268s] Level 1:colcon.colcon_ros.task.catkin:checking '/home/long/aws-robomaker-sample-application-open-source-rover/robot_ws/install/martian_detector/lib/python3/dist-packages'
[1.268s] Level 1:colcon.colcon_core.shell:create_environment_hook('martian_detector', 'catkin_pythonpath')
[1.269s] INFO:colcon.colcon_core.shell:Creating environment hook '/home/long/aws-robomaker-sample-application-open-source-rover/robot_ws/install/martian_detector/share/martian_detector/hook/catkin_pythonpath.ps1'
[1.269s] INFO:colcon.colcon_core.shell:Creating environment descriptor '/home/long/aws-robomaker-sample-application-open-source-rover/robot_ws/install/martian_detector/share/martian_detector/hook/catkin_pythonpath.dsv'
[1.270s] INFO:colcon.colcon_core.shell:Creating environment hook '/home/long/aws-robomaker-sample-application-open-source-rover/robot_ws/install/martian_detector/share/martian_detector/hook/catkin_pythonpath.sh'
[1.270s] Level 1:colcon.colcon_core.shell:create_environment_hook('martian_detector', 'pkg_config_path')
[1.271s] INFO:colcon.colcon_core.shell:Creating environment hook '/home/long/aws-robomaker-sample-application-open-source-rover/robot_ws/install/martian_detector/share/martian_detector/hook/pkg_config_path.ps1'
[1.271s] INFO:colcon.colcon_core.shell:Creating environment descriptor '/home/long/aws-robomaker-sample-application-open-source-rover/robot_ws/install/martian_detector/share/martian_detector/hook/pkg_config_path.dsv'
[1.272s] INFO:colcon.colcon_core.shell:Creating environment hook '/home/long/aws-robomaker-sample-application-open-source-rover/robot_ws/install/martian_detector/share/martian_detector/hook/pkg_config_path.sh'
[1.275s] Level 1:colcon.colcon_core.shell:create_environment_hook('martian_detector', 'pkg_config_path_multiarch')
[1.277s] INFO:colcon.colcon_core.shell:Creating environment hook '/home/long/aws-robomaker-sample-application-open-source-rover/robot_ws/install/martian_detector/share/martian_detector/hook/pkg_config_path_multiarch.ps1'
[1.278s] INFO:colcon.colcon_core.shell:Creating environment descriptor '/home/long/aws-robomaker-sample-application-open-source-rover/robot_ws/install/martian_detector/share/martian_detector/hook/pkg_config_path_multiarch.dsv'
[1.278s] INFO:colcon.colcon_core.shell:Creating environment hook '/home/long/aws-robomaker-sample-application-open-source-rover/robot_ws/install/martian_detector/share/martian_detector/hook/pkg_config_path_multiarch.sh'
[1.281s] Level 1:colcon.colcon_core.environment:create_environment_scripts_only(martian_detector)
[1.286s] Level 1:colcon.colcon_core.environment:checking '/home/long/aws-robomaker-sample-application-open-source-rover/robot_ws/install/martian_detector' for CMake module files
[1.287s] Level 1:colcon.colcon_core.environment:checking '/home/long/aws-robomaker-sample-application-open-source-rover/robot_ws/install/martian_detector' for CMake config files
[1.287s] Level 1:colcon.colcon_core.environment:checking '/home/long/aws-robomaker-sample-application-open-source-rover/robot_ws/install/martian_detector/lib'
[1.288s] Level 1:colcon.colcon_core.environment:checking '/home/long/aws-robomaker-sample-application-open-source-rover/robot_ws/install/martian_detector/bin'
[1.288s] Level 1:colcon.colcon_core.environment:checking '/home/long/aws-robomaker-sample-application-open-source-rover/robot_ws/install/martian_detector/lib/pkgconfig/martian_detector.pc'
[1.288s] Level 1:colcon.colcon_core.environment:checking '/home/long/aws-robomaker-sample-application-open-source-rover/robot_ws/install/martian_detector/lib/python3.8/site-packages'
[1.289s] INFO:colcon.colcon_core.shell:Creating package script '/home/long/aws-robomaker-sample-application-open-source-rover/robot_ws/install/martian_detector/share/martian_detector/package.ps1'
[1.290s] INFO:colcon.colcon_core.shell:Creating package descriptor '/home/long/aws-robomaker-sample-application-open-source-rover/robot_ws/install/martian_detector/share/martian_detector/package.dsv'
[1.291s] INFO:colcon.colcon_core.shell:Creating package script '/home/long/aws-robomaker-sample-application-open-source-rover/robot_ws/install/martian_detector/share/martian_detector/package.sh'
[1.292s] INFO:colcon.colcon_core.shell:Creating package script '/home/long/aws-robomaker-sample-application-open-source-rover/robot_ws/install/martian_detector/share/martian_detector/package.bash'
[1.293s] INFO:colcon.colcon_core.shell:Creating package script '/home/long/aws-robomaker-sample-application-open-source-rover/robot_ws/install/martian_detector/share/martian_detector/package.zsh'
[1.294s] Level 1:colcon.colcon_core.environment:create_file_with_runtime_dependencies(/home/long/aws-robomaker-sample-application-open-source-rover/robot_ws/install/martian_detector/share/colcon-core/packages/martian_detector)
[1.305s] DEBUG:colcon.colcon_parallel_executor.executor.parallel:closing loop
[1.305s] DEBUG:colcon.colcon_parallel_executor.executor.parallel:loop closed
[1.306s] DEBUG:colcon.colcon_parallel_executor.executor.parallel:run_until_complete finished with '1'
[1.306s] DEBUG:colcon.colcon_core.event_reactor:joining thread
[1.319s] INFO:colcon.colcon_core.plugin_system:Skipping extension 'colcon_notification.desktop_notification.terminal_notifier': Not used on non-Darwin systems
[1.319s] INFO:colcon.colcon_core.plugin_system:Skipping extension 'colcon_notification.desktop_notification.win32': Not used on non-Windows systems
[1.319s] INFO:colcon.colcon_notification.desktop_notification:Sending desktop notification using 'notify2'
[1.334s] DEBUG:colcon.colcon_core.event_reactor:joined thread
[1.335s] INFO:colcon.colcon_core.shell:Creating prefix script '/home/long/aws-robomaker-sample-application-open-source-rover/robot_ws/install/local_setup.ps1'
[1.337s] INFO:colcon.colcon_core.shell:Creating prefix util module '/home/long/aws-robomaker-sample-application-open-source-rover/robot_ws/install/_local_setup_util_ps1.py'
[1.339s] INFO:colcon.colcon_core.shell:Creating prefix chain script '/home/long/aws-robomaker-sample-application-open-source-rover/robot_ws/install/setup.ps1'
[1.340s] INFO:colcon.colcon_core.shell:Creating prefix script '/home/long/aws-robomaker-sample-application-open-source-rover/robot_ws/install/local_setup.sh'
[1.343s] INFO:colcon.colcon_core.shell:Creating prefix util module '/home/long/aws-robomaker-sample-application-open-source-rover/robot_ws/install/_local_setup_util_sh.py'
[1.343s] INFO:colcon.colcon_core.shell:Creating prefix chain script '/home/long/aws-robomaker-sample-application-open-source-rover/robot_ws/install/setup.sh'
[1.345s] INFO:colcon.colcon_core.shell:Creating prefix script '/home/long/aws-robomaker-sample-application-open-source-rover/robot_ws/install/local_setup.bash'
[1.346s] INFO:colcon.colcon_core.shell:Creating prefix chain script '/home/long/aws-robomaker-sample-application-open-source-rover/robot_ws/install/setup.bash'
[1.347s] INFO:colcon.colcon_core.shell:Creating prefix script '/home/long/aws-robomaker-sample-application-open-source-rover/robot_ws/install/local_setup.zsh'
[1.348s] INFO:colcon.colcon_core.shell:Creating prefix chain script '/home/long/aws-robomaker-sample-application-open-source-rover/robot_ws/install/setup.zsh'
